<?xml version="1.0" encoding="utf-8"?><testsuite errors="0" failures="0" name="pytest" skips="0" tests="4" time="0.473"><testcase classname="tests.test_1" file="tests\test_1.py" line="3" name="test_1" time="0.04957175254821777"></testcase><testcase classname="tests.test_1" file="tests\test_1.py" line="12" name="test_2" time="0.0037178993225097656"></testcase><testcase classname="tests.test_1" file="tests\test_1.py" line="20" name="test_3" time="0.0049571990966796875"></testcase><testcase classname="tests.test_1" file="tests\test_1.py" line="23" name="test_4" time="0.05948638916015625"></testcase></testsuite>